<?xml version="1.0" encoding="UTF-8"?>
<robot generator="Robot 4.1.1 (Python 3.9.7 on win32)" generated="20211022 14:09:46.908" rpa="false" schemaversion="2">
<suite id="s1" name="Dicionarios" source="C:\RobotXpert\start\dicionarios.robot">
<test id="s1-t1" name="Obtendo valores de um dicionario">
<kw name="Log To Console" library="BuiltIn">
<arg>${CARRO}</arg>
<doc>Logs the given message to the console.</doc>
<status status="PASS" starttime="20211022 14:09:46.937" endtime="20211022 14:09:46.938"/>
</kw>
<kw name="Log To Console" library="BuiltIn">
<arg>${CARRO.nome}</arg>
<doc>Logs the given message to the console.</doc>
<status status="PASS" starttime="20211022 14:09:46.938" endtime="20211022 14:09:46.940"/>
</kw>
<status status="PASS" starttime="20211022 14:09:46.935" endtime="20211022 14:09:46.940"/>
</test>
<doc>COnhecendo os dicionarios do Robot ( nativo do python)</doc>
<status status="PASS" starttime="20211022 14:09:46.910" endtime="20211022 14:09:46.941"/>
</suite>
<statistics>
<total>
<stat pass="1" fail="0" skip="0">All Tests</stat>
</total>
<tag>
</tag>
<suite>
<stat pass="1" fail="0" skip="0" id="s1" name="Dicionarios">Dicionarios</stat>
</suite>
</statistics>
<errors>
</errors>
</robot>
